-------------------------------------------------------------------------------
Test set: com.el.bathroom.Bathroom.BathroomApplicationTests
-------------------------------------------------------------------------------
Tests run: 1, Failures: 0, Errors: 1, Skipped: 0, Time elapsed: 0.39 s <<< FAILURE! - in com.el.bathroom.Bathroom.BathroomApplicationTests
initializationError(com.el.bathroom.Bathroom.BathroomApplicationTests)  Time elapsed: 0.001 s  <<< ERROR!
java.lang.IllegalStateException: Unable to find a @SpringBootConfiguration, you need to use @ContextConfiguration or @SpringBootTest(classes=...) with your test

