<?xml version="1.0" encoding="UTF-8"?>
<testsuite xmlns:xsi="http://www.w3.org/2001/XMLSchema-instance" xsi:noNamespaceSchemaLocation="https://maven.apache.org/surefire/maven-surefire-plugin/xsd/surefire-test-report.xsd" name="com.el.bathroom.Bathroom.BathroomApplicationTests" time="0.39" tests="1" errors="1" skipped="0" failures="0">
  <properties>
[...]
</properties>
  <testcase name="initializationError" classname="com.el.bathroom.Bathroom.BathroomApplicationTests" time="0.001">
    <error message="Unable to find a @SpringBootConfiguration, you need to use @ContextConfiguration or @SpringBootTest(classes=...) with your test" type="java.lang.IllegalStateException">java.lang.IllegalStateException: Unable to find a @SpringBootConfiguration, you need to use @ContextConfiguration or @SpringBootTest(classes=...) with your test
</error>
    <system-out><![CDATA[14:46:55.058 [main] DEBUG org.springframework.test.context.junit4.SpringJUnit4ClassRunner - SpringJUnit4ClassRunner constructor called with [class com.el.bathroom.Bathroom.BathroomApplicationTests]
14:46:55.064 [main] DEBUG org.springframework.test.context.BootstrapUtils - Instantiating CacheAwareContextLoaderDelegate from class [org.springframework.test.context.cache.DefaultCacheAwareContextLoaderDelegate]
14:46:55.070 [main] DEBUG org.springframework.test.context.BootstrapUtils - Instantiating BootstrapContext using constructor [public org.springframework.test.context.support.DefaultBootstrapContext(java.lang.Class,org.springframework.test.context.CacheAwareContextLoaderDelegate)]
14:46:55.086 [main] DEBUG org.springframework.test.context.BootstrapUtils - Instantiating TestContextBootstrapper for test class [com.el.bathroom.Bathroom.BathroomApplicationTests] from class [org.springframework.boot.test.context.SpringBootTestContextBootstrapper]
14:46:55.097 [main] INFO org.springframework.boot.test.context.SpringBootTestContextBootstrapper - Neither @ContextConfiguration nor @ContextHierarchy found for test class [com.el.bathroom.Bathroom.BathroomApplicationTests], using SpringBootContextLoader
14:46:55.099 [main] DEBUG org.springframework.test.context.support.AbstractContextLoader - Did not detect default resource location for test class [com.el.bathroom.Bathroom.BathroomApplicationTests]: class path resource [com/el/bathroom/Bathroom/BathroomApplicationTests-context.xml] does not exist
14:46:55.100 [main] DEBUG org.springframework.test.context.support.AbstractContextLoader - Did not detect default resource location for test class [com.el.bathroom.Bathroom.BathroomApplicationTests]: class path resource [com/el/bathroom/Bathroom/BathroomApplicationTestsContext.groovy] does not exist
14:46:55.100 [main] INFO org.springframework.test.context.support.AbstractContextLoader - Could not detect default resource locations for test class [com.el.bathroom.Bathroom.BathroomApplicationTests]: no resource found for suffixes {-context.xml, Context.groovy}.
14:46:55.100 [main] INFO org.springframework.test.context.support.AnnotationConfigContextLoaderUtils - Could not detect default configuration classes for test class [com.el.bathroom.Bathroom.BathroomApplicationTests]: BathroomApplicationTests does not declare any static, non-private, non-final, nested classes annotated with @Configuration.
14:46:55.144 [main] DEBUG org.springframework.test.context.support.ActiveProfilesUtils - Could not find an 'annotation declaring class' for annotation type [org.springframework.test.context.ActiveProfiles] and class [com.el.bathroom.Bathroom.BathroomApplicationTests]
14:46:55.153 [main] DEBUG org.springframework.core.env.StandardEnvironment - Adding PropertySource 'systemProperties' with lowest search precedence
14:46:55.153 [main] DEBUG org.springframework.core.env.StandardEnvironment - Adding PropertySource 'systemEnvironment' with lowest search precedence
14:46:55.153 [main] DEBUG org.springframework.core.env.StandardEnvironment - Initialized StandardEnvironment with PropertySources [MapPropertySource@22805895 {name='systemProperties', properties={java.runtime.name=OpenJDK Runtime Environment, sun.boot.library.path=/usr/lib/jvm/java-1.8.0-openjdk-1.8.0.171-7.b10.el7.x86_64/jre/lib/amd64, java.vm.version=25.171-b10, java.vm.vendor=Oracle Corporation, java.vendor.url=http://java.oracle.com/, path.separator=:, java.vm.name=OpenJDK 64-Bit Server VM, file.encoding.pkg=sun.io, user.country=US, sun.java.launcher=SUN_STANDARD, sun.os.patch.level=unknown, java.vm.specification.name=Java Virtual Machine Specification, user.dir=/home/eric/apps/Bathroom/server, java.runtime.version=1.8.0_171-b10, basedir=/home/eric/apps/Bathroom/server, java.awt.graphicsenv=sun.awt.X11GraphicsEnvironment, java.endorsed.dirs=/usr/lib/jvm/java-1.8.0-openjdk-1.8.0.171-7.b10.el7.x86_64/jre/lib/endorsed, os.arch=amd64, surefire.real.class.path=/home/eric/apps/Bathroom/server/target/surefire/surefirebooter646470412207417365.jar, java.io.tmpdir=/tmp, line.separator=
, java.vm.specification.vendor=Oracle Corporation, os.name=Linux, sun.jnu.encoding=UTF-8, java.library.path=/usr/java/packages/lib/amd64:/usr/lib64:/lib64:/lib:/usr/lib, surefire.test.class.path=/home/eric/apps/Bathroom/server/target/test-classes:/home/eric/apps/Bathroom/server/target/classes:/home/eric/.m2/repository/org/springframework/boot/spring-boot-starter-data-jpa/2.0.2.RELEASE/spring-boot-starter-data-jpa-2.0.2.RELEASE.jar:/home/eric/.m2/repository/org/springframework/boot/spring-boot-starter/2.0.2.RELEASE/spring-boot-starter-2.0.2.RELEASE.jar:/home/eric/.m2/repository/org/springframework/boot/spring-boot/2.0.2.RELEASE/spring-boot-2.0.2.RELEASE.jar:/home/eric/.m2/repository/org/springframework/boot/spring-boot-autoconfigure/2.0.2.RELEASE/spring-boot-autoconfigure-2.0.2.RELEASE.jar:/home/eric/.m2/repository/org/springframework/boot/spring-boot-starter-logging/2.0.2.RELEASE/spring-boot-starter-logging-2.0.2.RELEASE.jar:/home/eric/.m2/repository/ch/qos/logback/logback-classic/1.2.3/logback-classic-1.2.3.jar:/home/eric/.m2/repository/ch/qos/logback/logback-core/1.2.3/logback-core-1.2.3.jar:/home/eric/.m2/repository/org/apache/logging/log4j/log4j-to-slf4j/2.10.0/log4j-to-slf4j-2.10.0.jar:/home/eric/.m2/repository/org/apache/logging/log4j/log4j-api/2.10.0/log4j-api-2.10.0.jar:/home/eric/.m2/repository/org/slf4j/jul-to-slf4j/1.7.25/jul-to-slf4j-1.7.25.jar:/home/eric/.m2/repository/javax/annotation/javax.annotation-api/1.3.2/javax.annotation-api-1.3.2.jar:/home/eric/.m2/repository/org/yaml/snakeyaml/1.19/snakeyaml-1.19.jar:/home/eric/.m2/repository/org/springframework/boot/spring-boot-starter-aop/2.0.2.RELEASE/spring-boot-starter-aop-2.0.2.RELEASE.jar:/home/eric/.m2/repository/org/springframework/spring-aop/5.0.6.RELEASE/spring-aop-5.0.6.RELEASE.jar:/home/eric/.m2/repository/org/aspectj/aspectjweaver/1.8.13/aspectjweaver-1.8.13.jar:/home/eric/.m2/repository/org/springframework/boot/spring-boot-starter-jdbc/2.0.2.RELEASE/spring-boot-starter-jdbc-2.0.2.RELEASE.jar:/home/eric/.m2/repository/com/zaxxer/HikariCP/2.7.9/HikariCP-2.7.9.jar:/home/eric/.m2/repository/org/springframework/spring-jdbc/5.0.6.RELEASE/spring-jdbc-5.0.6.RELEASE.jar:/home/eric/.m2/repository/org/hibernate/hibernate-core/5.2.17.Final/hibernate-core-5.2.17.Final.jar:/home/eric/.m2/repository/org/jboss/logging/jboss-logging/3.3.2.Final/jboss-logging-3.3.2.Final.jar:/home/eric/.m2/repository/org/hibernate/javax/persistence/hibernate-jpa-2.1-api/1.0.0.Final/hibernate-jpa-2.1-api-1.0.0.Final.jar:/home/eric/.m2/repository/org/javassist/javassist/3.22.0-GA/javassist-3.22.0-GA.jar:/home/eric/.m2/repository/antlr/antlr/2.7.7/antlr-2.7.7.jar:/home/eric/.m2/repository/org/jboss/jandex/2.0.3.Final/jandex-2.0.3.Final.jar:/home/eric/.m2/repository/com/fasterxml/classmate/1.3.4/classmate-1.3.4.jar:/home/eric/.m2/repository/dom4j/dom4j/1.6.1/dom4j-1.6.1.jar:/home/eric/.m2/repository/org/hibernate/common/hibernate-commons-annotations/5.0.1.Final/hibernate-commons-annotations-5.0.1.Final.jar:/home/eric/.m2/repository/javax/transaction/javax.transaction-api/1.2/javax.transaction-api-1.2.jar:/home/eric/.m2/repository/org/springframework/data/spring-data-jpa/2.0.7.RELEASE/spring-data-jpa-2.0.7.RELEASE.jar:/home/eric/.m2/repository/org/springframework/data/spring-data-commons/2.0.7.RELEASE/spring-data-commons-2.0.7.RELEASE.jar:/home/eric/.m2/repository/org/springframework/spring-orm/5.0.6.RELEASE/spring-orm-5.0.6.RELEASE.jar:/home/eric/.m2/repository/org/springframework/spring-context/5.0.6.RELEASE/spring-context-5.0.6.RELEASE.jar:/home/eric/.m2/repository/org/springframework/spring-tx/5.0.6.RELEASE/spring-tx-5.0.6.RELEASE.jar:/home/eric/.m2/repository/org/springframework/spring-beans/5.0.6.RELEASE/spring-beans-5.0.6.RELEASE.jar:/home/eric/.m2/repository/org/slf4j/slf4j-api/1.7.25/slf4j-api-1.7.25.jar:/home/eric/.m2/repository/org/springframework/spring-aspects/5.0.6.RELEASE/spring-aspects-5.0.6.RELEASE.jar:/home/eric/.m2/repository/org/springframework/boot/spring-boot-starter-data-rest/2.0.2.RELEASE/spring-boot-starter-data-rest-2.0.2.RELEASE.jar:/home/eric/.m2/repository/org/springframework/boot/spring-boot-starter-json/2.0.2.RELEASE/spring-boot-starter-json-2.0.2.RELEASE.jar:/home/eric/.m2/repository/com/fasterxml/jackson/core/jackson-databind/2.9.5/jackson-databind-2.9.5.jar:/home/eric/.m2/repository/com/fasterxml/jackson/core/jackson-core/2.9.5/jackson-core-2.9.5.jar:/home/eric/.m2/repository/com/fasterxml/jackson/datatype/jackson-datatype-jdk8/2.9.5/jackson-datatype-jdk8-2.9.5.jar:/home/eric/.m2/repository/com/fasterxml/jackson/datatype/jackson-datatype-jsr310/2.9.5/jackson-datatype-jsr310-2.9.5.jar:/home/eric/.m2/repository/com/fasterxml/jackson/module/jackson-module-parameter-names/2.9.5/jackson-module-parameter-names-2.9.5.jar:/home/eric/.m2/repository/org/springframework/data/spring-data-rest-webmvc/3.0.7.RELEASE/spring-data-rest-webmvc-3.0.7.RELEASE.jar:/home/eric/.m2/repository/org/springframework/data/spring-data-rest-core/3.0.7.RELEASE/spring-data-rest-core-3.0.7.RELEASE.jar:/home/eric/.m2/repository/org/springframework/hateoas/spring-hateoas/0.24.0.RELEASE/spring-hateoas-0.24.0.RELEASE.jar:/home/eric/.m2/repository/org/springframework/plugin/spring-plugin-core/1.2.0.RELEASE/spring-plugin-core-1.2.0.RELEASE.jar:/home/eric/.m2/repository/org/atteo/evo-inflector/1.2.2/evo-inflector-1.2.2.jar:/home/eric/.m2/repository/com/fasterxml/jackson/core/jackson-annotations/2.9.0/jackson-annotations-2.9.0.jar:/home/eric/.m2/repository/org/springframework/boot/spring-boot-starter-web/2.0.2.RELEASE/spring-boot-starter-web-2.0.2.RELEASE.jar:/home/eric/.m2/repository/org/springframework/boot/spring-boot-starter-tomcat/2.0.2.RELEASE/spring-boot-starter-tomcat-2.0.2.RELEASE.jar:/home/eric/.m2/repository/org/apache/tomcat/embed/tomcat-embed-core/8.5.31/tomcat-embed-core-8.5.31.jar:/home/eric/.m2/repository/org/apache/tomcat/embed/tomcat-embed-el/8.5.31/tomcat-embed-el-8.5.31.jar:/home/eric/.m2/repository/org/apache/tomcat/embed/tomcat-embed-websocket/8.5.31/tomcat-embed-websocket-8.5.31.jar:/home/eric/.m2/repository/org/hibernate/validator/hibernate-validator/6.0.9.Final/hibernate-validator-6.0.9.Final.jar:/home/eric/.m2/repository/javax/validation/validation-api/2.0.1.Final/validation-api-2.0.1.Final.jar:/home/eric/.m2/repository/org/springframework/spring-web/5.0.6.RELEASE/spring-web-5.0.6.RELEASE.jar:/home/eric/.m2/repository/org/springframework/spring-webmvc/5.0.6.RELEASE/spring-webmvc-5.0.6.RELEASE.jar:/home/eric/.m2/repository/org/springframework/spring-expression/5.0.6.RELEASE/spring-expression-5.0.6.RELEASE.jar:/home/eric/.m2/repository/com/h2database/h2/1.4.197/h2-1.4.197.jar:/home/eric/.m2/repository/org/springframework/boot/spring-boot-starter-test/2.0.2.RELEASE/spring-boot-starter-test-2.0.2.RELEASE.jar:/home/eric/.m2/repository/org/springframework/boot/spring-boot-test/2.0.2.RELEASE/spring-boot-test-2.0.2.RELEASE.jar:/home/eric/.m2/repository/org/springframework/boot/spring-boot-test-autoconfigure/2.0.2.RELEASE/spring-boot-test-autoconfigure-2.0.2.RELEASE.jar:/home/eric/.m2/repository/com/jayway/jsonpath/json-path/2.4.0/json-path-2.4.0.jar:/home/eric/.m2/repository/net/minidev/json-smart/2.3/json-smart-2.3.jar:/home/eric/.m2/repository/net/minidev/accessors-smart/1.2/accessors-smart-1.2.jar:/home/eric/.m2/repository/org/ow2/asm/asm/5.0.4/asm-5.0.4.jar:/home/eric/.m2/repository/junit/junit/4.12/junit-4.12.jar:/home/eric/.m2/repository/org/assertj/assertj-core/3.9.1/assertj-core-3.9.1.jar:/home/eric/.m2/repository/org/mockito/mockito-core/2.15.0/mockito-core-2.15.0.jar:/home/eric/.m2/repository/net/bytebuddy/byte-buddy/1.7.11/byte-buddy-1.7.11.jar:/home/eric/.m2/repository/net/bytebuddy/byte-buddy-agent/1.7.11/byte-buddy-agent-1.7.11.jar:/home/eric/.m2/repository/org/objenesis/objenesis/2.6/objenesis-2.6.jar:/home/eric/.m2/repository/org/hamcrest/hamcrest-core/1.3/hamcrest-core-1.3.jar:/home/eric/.m2/repository/org/hamcrest/hamcrest-library/1.3/hamcrest-library-1.3.jar:/home/eric/.m2/repository/org/skyscreamer/jsonassert/1.5.0/jsonassert-1.5.0.jar:/home/eric/.m2/repository/com/vaadin/external/google/android-json/0.0.20131108.vaadin1/android-json-0.0.20131108.vaadin1.jar:/home/eric/.m2/repository/org/springframework/spring-core/5.0.6.RELEASE/spring-core-5.0.6.RELEASE.jar:/home/eric/.m2/repository/org/springframework/spring-jcl/5.0.6.RELEASE/spring-jcl-5.0.6.RELEASE.jar:/home/eric/.m2/repository/org/springframework/spring-test/5.0.6.RELEASE/spring-test-5.0.6.RELEASE.jar:/home/eric/.m2/repository/org/xmlunit/xmlunit-core/2.5.1/xmlunit-core-2.5.1.jar:, java.specification.name=Java Platform API Specification, java.class.version=52.0, sun.management.compiler=HotSpot 64-Bit Tiered Compilers, os.version=3.10.0-862.el7.x86_64, user.home=/home/eric, user.timezone=America/New_York, java.awt.printerjob=sun.print.PSPrinterJob, file.encoding=UTF-8, java.specification.version=1.8, java.class.path=/home/eric/apps/Bathroom/server/target/test-classes:/home/eric/apps/Bathroom/server/target/classes:/home/eric/.m2/repository/org/springframework/boot/spring-boot-starter-data-jpa/2.0.2.RELEASE/spring-boot-starter-data-jpa-2.0.2.RELEASE.jar:/home/eric/.m2/repository/org/springframework/boot/spring-boot-starter/2.0.2.RELEASE/spring-boot-starter-2.0.2.RELEASE.jar:/home/eric/.m2/repository/org/springframework/boot/spring-boot/2.0.2.RELEASE/spring-boot-2.0.2.RELEASE.jar:/home/eric/.m2/repository/org/springframework/boot/spring-boot-autoconfigure/2.0.2.RELEASE/spring-boot-autoconfigure-2.0.2.RELEASE.jar:/home/eric/.m2/repository/org/springframework/boot/spring-boot-starter-logging/2.0.2.RELEASE/spring-boot-starter-logging-2.0.2.RELEASE.jar:/home/eric/.m2/repository/ch/qos/logback/logback-classic/1.2.3/logback-classic-1.2.3.jar:/home/eric/.m2/repository/ch/qos/logback/logback-core/1.2.3/logback-core-1.2.3.jar:/home/eric/.m2/repository/org/apache/logging/log4j/log4j-to-slf4j/2.10.0/log4j-to-slf4j-2.10.0.jar:/home/eric/.m2/repository/org/apache/logging/log4j/log4j-api/2.10.0/log4j-api-2.10.0.jar:/home/eric/.m2/repository/org/slf4j/jul-to-slf4j/1.7.25/jul-to-slf4j-1.7.25.jar:/home/eric/.m2/repository/javax/annotation/javax.annotation-api/1.3.2/javax.annotation-api-1.3.2.jar:/home/eric/.m2/repository/org/yaml/snakeyaml/1.19/snakeyaml-1.19.jar:/home/eric/.m2/repository/org/springframework/boot/spring-boot-starter-aop/2.0.2.RELEASE/spring-boot-starter-aop-2.0.2.RELEASE.jar:/home/eric/.m2/repository/org/springframework/spring-aop/5.0.6.RELEASE/spring-aop-5.0.6.RELEASE.jar:/home/eric/.m2/repository/org/aspectj/aspectjweaver/1.8.13/aspectjweaver-1.8.13.jar:/home/eric/.m2/repository/org/springframework/boot/spring-boot-starter-jdbc/2.0.2.RELEASE/spring-boot-starter-jdbc-2.0.2.RELEASE.jar:/home/eric/.m2/repository/com/zaxxer/HikariCP/2.7.9/HikariCP-2.7.9.jar:/home/eric/.m2/repository/org/springframework/spring-jdbc/5.0.6.RELEASE/spring-jdbc-5.0.6.RELEASE.jar:/home/eric/.m2/repository/org/hibernate/hibernate-core/5.2.17.Final/hibernate-core-5.2.17.Final.jar:/home/eric/.m2/repository/org/jboss/logging/jboss-logging/3.3.2.Final/jboss-logging-3.3.2.Final.jar:/home/eric/.m2/repository/org/hibernate/javax/persistence/hibernate-jpa-2.1-api/1.0.0.Final/hibernate-jpa-2.1-api-1.0.0.Final.jar:/home/eric/.m2/repository/org/javassist/javassist/3.22.0-GA/javassist-3.22.0-GA.jar:/home/eric/.m2/repository/antlr/antlr/2.7.7/antlr-2.7.7.jar:/home/eric/.m2/repository/org/jboss/jandex/2.0.3.Final/jandex-2.0.3.Final.jar:/home/eric/.m2/repository/com/fasterxml/classmate/1.3.4/classmate-1.3.4.jar:/home/eric/.m2/repository/dom4j/dom4j/1.6.1/dom4j-1.6.1.jar:/home/eric/.m2/repository/org/hibernate/common/hibernate-commons-annotations/5.0.1.Final/hibernate-commons-annotations-5.0.1.Final.jar:/home/eric/.m2/repository/javax/transaction/javax.transaction-api/1.2/javax.transaction-api-1.2.jar:/home/eric/.m2/repository/org/springframework/data/spring-data-jpa/2.0.7.RELEASE/spring-data-jpa-2.0.7.RELEASE.jar:/home/eric/.m2/repository/org/springframework/data/spring-data-commons/2.0.7.RELEASE/spring-data-commons-2.0.7.RELEASE.jar:/home/eric/.m2/repository/org/springframework/spring-orm/5.0.6.RELEASE/spring-orm-5.0.6.RELEASE.jar:/home/eric/.m2/repository/org/springframework/spring-context/5.0.6.RELEASE/spring-context-5.0.6.RELEASE.jar:/home/eric/.m2/repository/org/springframework/spring-tx/5.0.6.RELEASE/spring-tx-5.0.6.RELEASE.jar:/home/eric/.m2/repository/org/springframework/spring-beans/5.0.6.RELEASE/spring-beans-5.0.6.RELEASE.jar:/home/eric/.m2/repository/org/slf4j/slf4j-api/1.7.25/slf4j-api-1.7.25.jar:/home/eric/.m2/repository/org/springframework/spring-aspects/5.0.6.RELEASE/spring-aspects-5.0.6.RELEASE.jar:/home/eric/.m2/repository/org/springframework/boot/spring-boot-starter-data-rest/2.0.2.RELEASE/spring-boot-starter-data-rest-2.0.2.RELEASE.jar:/home/eric/.m2/repository/org/springframework/boot/spring-boot-starter-json/2.0.2.RELEASE/spring-boot-starter-json-2.0.2.RELEASE.jar:/home/eric/.m2/repository/com/fasterxml/jackson/core/jackson-databind/2.9.5/jackson-databind-2.9.5.jar:/home/eric/.m2/repository/com/fasterxml/jackson/core/jackson-core/2.9.5/jackson-core-2.9.5.jar:/home/eric/.m2/repository/com/fasterxml/jackson/datatype/jackson-datatype-jdk8/2.9.5/jackson-datatype-jdk8-2.9.5.jar:/home/eric/.m2/repository/com/fasterxml/jackson/datatype/jackson-datatype-jsr310/2.9.5/jackson-datatype-jsr310-2.9.5.jar:/home/eric/.m2/repository/com/fasterxml/jackson/module/jackson-module-parameter-names/2.9.5/jackson-module-parameter-names-2.9.5.jar:/home/eric/.m2/repository/org/springframework/data/spring-data-rest-webmvc/3.0.7.RELEASE/spring-data-rest-webmvc-3.0.7.RELEASE.jar:/home/eric/.m2/repository/org/springframework/data/spring-data-rest-core/3.0.7.RELEASE/spring-data-rest-core-3.0.7.RELEASE.jar:/home/eric/.m2/repository/org/springframework/hateoas/spring-hateoas/0.24.0.RELEASE/spring-hateoas-0.24.0.RELEASE.jar:/home/eric/.m2/repository/org/springframework/plugin/spring-plugin-core/1.2.0.RELEASE/spring-plugin-core-1.2.0.RELEASE.jar:/home/eric/.m2/repository/org/atteo/evo-inflector/1.2.2/evo-inflector-1.2.2.jar:/home/eric/.m2/repository/com/fasterxml/jackson/core/jackson-annotations/2.9.0/jackson-annotations-2.9.0.jar:/home/eric/.m2/repository/org/springframework/boot/spring-boot-starter-web/2.0.2.RELEASE/spring-boot-starter-web-2.0.2.RELEASE.jar:/home/eric/.m2/repository/org/springframework/boot/spring-boot-starter-tomcat/2.0.2.RELEASE/spring-boot-starter-tomcat-2.0.2.RELEASE.jar:/home/eric/.m2/repository/org/apache/tomcat/embed/tomcat-embed-core/8.5.31/tomcat-embed-core-8.5.31.jar:/home/eric/.m2/repository/org/apache/tomcat/embed/tomcat-embed-el/8.5.31/tomcat-embed-el-8.5.31.jar:/home/eric/.m2/repository/org/apache/tomcat/embed/tomcat-embed-websocket/8.5.31/tomcat-embed-websocket-8.5.31.jar:/home/eric/.m2/repository/org/hibernate/validator/hibernate-validator/6.0.9.Final/hibernate-validator-6.0.9.Final.jar:/home/eric/.m2/repository/javax/validation/validation-api/2.0.1.Final/validation-api-2.0.1.Final.jar:/home/eric/.m2/repository/org/springframework/spring-web/5.0.6.RELEASE/spring-web-5.0.6.RELEASE.jar:/home/eric/.m2/repository/org/springframework/spring-webmvc/5.0.6.RELEASE/spring-webmvc-5.0.6.RELEASE.jar:/home/eric/.m2/repository/org/springframework/spring-expression/5.0.6.RELEASE/spring-expression-5.0.6.RELEASE.jar:/home/eric/.m2/repository/com/h2database/h2/1.4.197/h2-1.4.197.jar:/home/eric/.m2/repository/org/springframework/boot/spring-boot-starter-test/2.0.2.RELEASE/spring-boot-starter-test-2.0.2.RELEASE.jar:/home/eric/.m2/repository/org/springframework/boot/spring-boot-test/2.0.2.RELEASE/spring-boot-test-2.0.2.RELEASE.jar:/home/eric/.m2/repository/org/springframework/boot/spring-boot-test-autoconfigure/2.0.2.RELEASE/spring-boot-test-autoconfigure-2.0.2.RELEASE.jar:/home/eric/.m2/repository/com/jayway/jsonpath/json-path/2.4.0/json-path-2.4.0.jar:/home/eric/.m2/repository/net/minidev/json-smart/2.3/json-smart-2.3.jar:/home/eric/.m2/repository/net/minidev/accessors-smart/1.2/accessors-smart-1.2.jar:/home/eric/.m2/repository/org/ow2/asm/asm/5.0.4/asm-5.0.4.jar:/home/eric/.m2/repository/junit/junit/4.12/junit-4.12.jar:/home/eric/.m2/repository/org/assertj/assertj-core/3.9.1/assertj-core-3.9.1.jar:/home/eric/.m2/repository/org/mockito/mockito-core/2.15.0/mockito-core-2.15.0.jar:/home/eric/.m2/repository/net/bytebuddy/byte-buddy/1.7.11/byte-buddy-1.7.11.jar:/home/eric/.m2/repository/net/bytebuddy/byte-buddy-agent/1.7.11/byte-buddy-agent-1.7.11.jar:/home/eric/.m2/repository/org/objenesis/objenesis/2.6/objenesis-2.6.jar:/home/eric/.m2/repository/org/hamcrest/hamcrest-core/1.3/hamcrest-core-1.3.jar:/home/eric/.m2/repository/org/hamcrest/hamcrest-library/1.3/hamcrest-library-1.3.jar:/home/eric/.m2/repository/org/skyscreamer/jsonassert/1.5.0/jsonassert-1.5.0.jar:/home/eric/.m2/repository/com/vaadin/external/google/android-json/0.0.20131108.vaadin1/android-json-0.0.20131108.vaadin1.jar:/home/eric/.m2/repository/org/springframework/spring-core/5.0.6.RELEASE/spring-core-5.0.6.RELEASE.jar:/home/eric/.m2/repository/org/springframework/spring-jcl/5.0.6.RELEASE/spring-jcl-5.0.6.RELEASE.jar:/home/eric/.m2/repository/org/springframework/spring-test/5.0.6.RELEASE/spring-test-5.0.6.RELEASE.jar:/home/eric/.m2/repository/org/xmlunit/xmlunit-core/2.5.1/xmlunit-core-2.5.1.jar:, user.name=eric, java.vm.specification.version=1.8, sun.java.command=/home/eric/apps/Bathroom/server/target/surefire/surefirebooter646470412207417365.jar /home/eric/apps/Bathroom/server/target/surefire 2018-05-13T14-46-54_391-jvmRun1 surefire6068976997287206962tmp surefire_06711057881920546258tmp, java.home=/usr/lib/jvm/java-1.8.0-openjdk-1.8.0.171-7.b10.el7.x86_64/jre, sun.arch.data.model=64, user.language=en, java.specification.vendor=Oracle Corporation, awt.toolkit=sun.awt.X11.XToolkit, java.vm.info=mixed mode, java.version=1.8.0_171, java.ext.dirs=/usr/lib/jvm/java-1.8.0-openjdk-1.8.0.171-7.b10.el7.x86_64/jre/lib/ext:/usr/java/packages/lib/ext, sun.boot.class.path=/usr/lib/jvm/java-1.8.0-openjdk-1.8.0.171-7.b10.el7.x86_64/jre/lib/resources.jar:/usr/lib/jvm/java-1.8.0-openjdk-1.8.0.171-7.b10.el7.x86_64/jre/lib/rt.jar:/usr/lib/jvm/java-1.8.0-openjdk-1.8.0.171-7.b10.el7.x86_64/jre/lib/sunrsasign.jar:/usr/lib/jvm/java-1.8.0-openjdk-1.8.0.171-7.b10.el7.x86_64/jre/lib/jsse.jar:/usr/lib/jvm/java-1.8.0-openjdk-1.8.0.171-7.b10.el7.x86_64/jre/lib/jce.jar:/usr/lib/jvm/java-1.8.0-openjdk-1.8.0.171-7.b10.el7.x86_64/jre/lib/charsets.jar:/usr/lib/jvm/java-1.8.0-openjdk-1.8.0.171-7.b10.el7.x86_64/jre/lib/jfr.jar:/usr/lib/jvm/java-1.8.0-openjdk-1.8.0.171-7.b10.el7.x86_64/jre/classes, java.vendor=Oracle Corporation, localRepository=/home/eric/.m2/repository, file.separator=/, java.vendor.url.bug=http://bugreport.sun.com/bugreport/, sun.io.unicode.encoding=UnicodeLittle, sun.cpu.endian=little, sun.desktop=gnome, sun.cpu.isalist=}}, SystemEnvironmentPropertySource@1413378318 {name='systemEnvironment', properties={PATH=/usr/local/bin:/usr/local/sbin:/usr/bin:/usr/sbin:/bin:/sbin:/home/eric/.local/bin:/home/eric/bin, XAUTHORITY=/run/gdm/auth-for-eric-thzq4v/database, IMSETTINGS_MODULE=none, HISTCONTROL=ignoredups, XMODIFIERS=@im=none, XDG_DATA_DIRS=/home/eric/.local/share/flatpak/exports/share/:/var/lib/flatpak/exports/share/:/usr/local/share/:/usr/share/, GDMSESSION=gnome-classic, DBUS_SESSION_BUS_ADDRESS=unix:abstract=/tmp/dbus-sWaEDRNUpn,guid=84c118bc396828495c70b8d65af87bfe, XDG_CURRENT_DESKTOP=GNOME-Classic:GNOME, MAIL=/var/spool/mail/eric, SSH_AGENT_PID=2333, SESSION_MANAGER=local/unix:@/tmp/.ICE-unix/2117,unix/unix:/tmp/.ICE-unix/2117, USERNAME=eric, LOGNAME=eric, PWD=/home/eric/apps/Bathroom/server, GJS_DEBUG_TOPICS=JS ERROR;JS LOG, LESSOPEN=||/usr/bin/lesspipe.sh %s, SHELL=/bin/bash, GIO_LAUNCHED_DESKTOP_FILE=/usr/share/applications/eclipse-oxygen.desktop, OLDPWD=/home/eric/apps/Bathroom/server, GNOME_DESKTOP_SESSION_ID=this-is-deprecated, GDK_SCALE=1, IMSETTINGS_INTEGRATE_DESKTOP=yes, XDG_SESSION_DESKTOP=gnome-classic, SHLVL=2, OXYGEN_DISABLE_INNER_SHADOWS_HACK=1, QT_IM_MODULE=xim, HISTSIZE=1000, TERM=dumb, LANG=en_US.UTF-8, XDG_SESSION_TYPE=x11, XDG_SESSION_ID=1, DISPLAY=:0, _=/usr/lib/jvm/java-1.8.0-openjdk-1.8.0.171-7.b10.el7.x86_64/jre/bin/java, GDM_LANG=en_US.UTF-8, LIBOVERLAY_SCROLLBAR=0, GDK_CORE_DEVICE_EVENTS=1, DESKTOP_SESSION=gnome-classic, USER=eric, XDG_MENU_PREFIX=gnome-, GIO_LAUNCHED_DESKTOP_FILE_PID=5644, WINDOWPATH=1, GJS_DEBUG_OUTPUT=stderr, XDG_SEAT=seat0, SSH_AUTH_SOCK=/run/user/1000/keyring/ssh, HOSTNAME=localhost.localdomain, GNOME_SHELL_SESSION_MODE=classic, XDG_RUNTIME_DIR=/run/user/1000, XDG_VTNR=1, HOME=/home/eric}}]
14:46:55.166 [main] DEBUG org.springframework.core.io.support.PathMatchingResourcePatternResolver - Resolved classpath location [com/el/bathroom/Bathroom/] to resources [URL [file:/home/eric/apps/Bathroom/server/target/test-classes/com/el/bathroom/Bathroom/]]
14:46:55.167 [main] DEBUG org.springframework.core.io.support.PathMatchingResourcePatternResolver - Looking for matching resources in directory tree [/home/eric/apps/Bathroom/server/target/test-classes/com/el/bathroom/Bathroom]
14:46:55.167 [main] DEBUG org.springframework.core.io.support.PathMatchingResourcePatternResolver - Searching directory [/home/eric/apps/Bathroom/server/target/test-classes/com/el/bathroom/Bathroom] for files matching pattern [/home/eric/apps/Bathroom/server/target/test-classes/com/el/bathroom/Bathroom/*.class]
14:46:55.169 [main] DEBUG org.springframework.core.io.support.PathMatchingResourcePatternResolver - Resolved location pattern [classpath*:com/el/bathroom/Bathroom/*.class] to resources [file [/home/eric/apps/Bathroom/server/target/test-classes/com/el/bathroom/Bathroom/BathroomApplicationTests.class]]
14:46:55.193 [main] DEBUG org.springframework.core.io.support.PathMatchingResourcePatternResolver - Resolved classpath location [com/el/bathroom/] to resources [URL [file:/home/eric/apps/Bathroom/server/target/test-classes/com/el/bathroom/]]
14:46:55.193 [main] DEBUG org.springframework.core.io.support.PathMatchingResourcePatternResolver - Looking for matching resources in directory tree [/home/eric/apps/Bathroom/server/target/test-classes/com/el/bathroom]
14:46:55.193 [main] DEBUG org.springframework.core.io.support.PathMatchingResourcePatternResolver - Searching directory [/home/eric/apps/Bathroom/server/target/test-classes/com/el/bathroom] for files matching pattern [/home/eric/apps/Bathroom/server/target/test-classes/com/el/bathroom/*.class]
14:46:55.194 [main] DEBUG org.springframework.core.io.support.PathMatchingResourcePatternResolver - Resolved location pattern [classpath*:com/el/bathroom/*.class] to resources []
14:46:55.194 [main] DEBUG org.springframework.core.io.support.PathMatchingResourcePatternResolver - Resolved classpath location [com/el/] to resources [URL [file:/home/eric/apps/Bathroom/server/target/test-classes/com/el/], URL [file:/home/eric/apps/Bathroom/server/target/classes/com/el/]]
14:46:55.194 [main] DEBUG org.springframework.core.io.support.PathMatchingResourcePatternResolver - Looking for matching resources in directory tree [/home/eric/apps/Bathroom/server/target/test-classes/com/el]
14:46:55.194 [main] DEBUG org.springframework.core.io.support.PathMatchingResourcePatternResolver - Searching directory [/home/eric/apps/Bathroom/server/target/test-classes/com/el] for files matching pattern [/home/eric/apps/Bathroom/server/target/test-classes/com/el/*.class]
14:46:55.194 [main] DEBUG org.springframework.core.io.support.PathMatchingResourcePatternResolver - Looking for matching resources in directory tree [/home/eric/apps/Bathroom/server/target/classes/com/el]
14:46:55.194 [main] DEBUG org.springframework.core.io.support.PathMatchingResourcePatternResolver - Searching directory [/home/eric/apps/Bathroom/server/target/classes/com/el] for files matching pattern [/home/eric/apps/Bathroom/server/target/classes/com/el/*.class]
14:46:55.194 [main] DEBUG org.springframework.core.io.support.PathMatchingResourcePatternResolver - Resolved location pattern [classpath*:com/el/*.class] to resources []
14:46:55.195 [main] DEBUG org.springframework.core.io.support.PathMatchingResourcePatternResolver - Resolved classpath location [com/] to resources [URL [file:/home/eric/apps/Bathroom/server/target/test-classes/com/], URL [file:/home/eric/apps/Bathroom/server/target/classes/com/], URL [jar:file:/home/eric/.m2/repository/com/zaxxer/HikariCP/2.7.9/HikariCP-2.7.9.jar!/com/], URL [jar:file:/home/eric/.m2/repository/com/fasterxml/classmate/1.3.4/classmate-1.3.4.jar!/com/], URL [jar:file:/home/eric/.m2/repository/com/fasterxml/jackson/core/jackson-databind/2.9.5/jackson-databind-2.9.5.jar!/com/], URL [jar:file:/home/eric/.m2/repository/com/fasterxml/jackson/core/jackson-core/2.9.5/jackson-core-2.9.5.jar!/com/], URL [jar:file:/home/eric/.m2/repository/com/fasterxml/jackson/datatype/jackson-datatype-jdk8/2.9.5/jackson-datatype-jdk8-2.9.5.jar!/com/], URL [jar:file:/home/eric/.m2/repository/com/fasterxml/jackson/datatype/jackson-datatype-jsr310/2.9.5/jackson-datatype-jsr310-2.9.5.jar!/com/], URL [jar:file:/home/eric/.m2/repository/com/fasterxml/jackson/module/jackson-module-parameter-names/2.9.5/jackson-module-parameter-names-2.9.5.jar!/com/], URL [jar:file:/home/eric/.m2/repository/com/fasterxml/jackson/core/jackson-annotations/2.9.0/jackson-annotations-2.9.0.jar!/com/], URL [jar:file:/home/eric/.m2/repository/com/jayway/jsonpath/json-path/2.4.0/json-path-2.4.0.jar!/com/]]
14:46:55.195 [main] DEBUG org.springframework.core.io.support.PathMatchingResourcePatternResolver - Looking for matching resources in directory tree [/home/eric/apps/Bathroom/server/target/test-classes/com]
14:46:55.195 [main] DEBUG org.springframework.core.io.support.PathMatchingResourcePatternResolver - Searching directory [/home/eric/apps/Bathroom/server/target/test-classes/com] for files matching pattern [/home/eric/apps/Bathroom/server/target/test-classes/com/*.class]
14:46:55.195 [main] DEBUG org.springframework.core.io.support.PathMatchingResourcePatternResolver - Looking for matching resources in directory tree [/home/eric/apps/Bathroom/server/target/classes/com]
14:46:55.196 [main] DEBUG org.springframework.core.io.support.PathMatchingResourcePatternResolver - Searching directory [/home/eric/apps/Bathroom/server/target/classes/com] for files matching pattern [/home/eric/apps/Bathroom/server/target/classes/com/*.class]
14:46:55.196 [main] DEBUG org.springframework.core.io.support.PathMatchingResourcePatternResolver - Looking for matching resources in jar file [file:/home/eric/.m2/repository/com/zaxxer/HikariCP/2.7.9/HikariCP-2.7.9.jar]
14:46:55.197 [main] DEBUG org.springframework.core.io.support.PathMatchingResourcePatternResolver - Looking for matching resources in jar file [file:/home/eric/.m2/repository/com/fasterxml/classmate/1.3.4/classmate-1.3.4.jar]
14:46:55.199 [main] DEBUG org.springframework.core.io.support.PathMatchingResourcePatternResolver - Looking for matching resources in jar file [file:/home/eric/.m2/repository/com/fasterxml/jackson/core/jackson-databind/2.9.5/jackson-databind-2.9.5.jar]
14:46:55.207 [main] DEBUG org.springframework.core.io.support.PathMatchingResourcePatternResolver - Looking for matching resources in jar file [file:/home/eric/.m2/repository/com/fasterxml/jackson/core/jackson-core/2.9.5/jackson-core-2.9.5.jar]
14:46:55.208 [main] DEBUG org.springframework.core.io.support.PathMatchingResourcePatternResolver - Looking for matching resources in jar file [file:/home/eric/.m2/repository/com/fasterxml/jackson/datatype/jackson-datatype-jdk8/2.9.5/jackson-datatype-jdk8-2.9.5.jar]
14:46:55.208 [main] DEBUG org.springframework.core.io.support.PathMatchingResourcePatternResolver - Looking for matching resources in jar file [file:/home/eric/.m2/repository/com/fasterxml/jackson/datatype/jackson-datatype-jsr310/2.9.5/jackson-datatype-jsr310-2.9.5.jar]
14:46:55.209 [main] DEBUG org.springframework.core.io.support.PathMatchingResourcePatternResolver - Looking for matching resources in jar file [file:/home/eric/.m2/repository/com/fasterxml/jackson/module/jackson-module-parameter-names/2.9.5/jackson-module-parameter-names-2.9.5.jar]
14:46:55.209 [main] DEBUG org.springframework.core.io.support.PathMatchingResourcePatternResolver - Looking for matching resources in jar file [file:/home/eric/.m2/repository/com/fasterxml/jackson/core/jackson-annotations/2.9.0/jackson-annotations-2.9.0.jar]
14:46:55.209 [main] DEBUG org.springframework.core.io.support.PathMatchingResourcePatternResolver - Looking for matching resources in jar file [file:/home/eric/.m2/repository/com/jayway/jsonpath/json-path/2.4.0/json-path-2.4.0.jar]
14:46:55.211 [main] DEBUG org.springframework.core.io.support.PathMatchingResourcePatternResolver - Resolved location pattern [classpath*:com/*.class] to resources []
]]></system-out>
  </testcase>
</testsuite>